
2015-02-03 00:01:53
[WARN]-[Thread: qtp1642360923-21]-[com.jfinal.core.ActionHandler.handle()]: 404 Action Not Found: /

2015-02-03 00:09:51
[ERROR]-[Thread: qtp1709366259-21]-[com.jfinal.core.ActionHandler.handle()]: /login
com.jfinal.plugin.activerecord.ActiveRecordException: java.sql.SQLException: com.mchange.v2.c3p0.ComboPooledDataSource [ java.beans.IntrospectionException: java.lang.reflect.InvocationTargetException [numThreadsAwaitingCheckoutDefaultUser] ] has been closed() -- you can no longer use it.
	at com.jfinal.plugin.activerecord.Model.find(Model.java:455)
	at com.jfinal.plugin.activerecord.Model.findFirst(Model.java:484)
	at com.mindsports.service.impl.UserServiceImpl.isLogin(UserServiceImpl.java:14)
	at com.mindsports.controller.UserController.login(UserController.java:21)
	at sun.reflect.NativeMethodAccessorImpl.invoke0(Native Method)
	at sun.reflect.NativeMethodAccessorImpl.invoke(NativeMethodAccessorImpl.java:62)
	at sun.reflect.DelegatingMethodAccessorImpl.invoke(DelegatingMethodAccessorImpl.java:43)
	at java.lang.reflect.Method.invoke(Method.java:483)
	at com.jfinal.core.ActionInvocation.invoke(ActionInvocation.java:55)
	at com.mindsports.controller.LoginInterceptor.intercept(LoginInterceptor.java:13)
	at com.jfinal.core.ActionInvocation.invoke(ActionInvocation.java:51)
	at com.jfinal.core.ActionHandler.handle(ActionHandler.java:73)
	at com.jfinal.core.JFinalFilter.doFilter(JFinalFilter.java:72)
	at org.eclipse.jetty.servlet.ServletHandler$CachedChain.doFilter(ServletHandler.java:1307)
	at org.eclipse.jetty.servlet.ServletHandler.doHandle(ServletHandler.java:453)
	at org.eclipse.jetty.server.handler.ScopedHandler.handle(ScopedHandler.java:137)
	at org.eclipse.jetty.security.SecurityHandler.handle(SecurityHandler.java:560)
	at org.eclipse.jetty.server.session.SessionHandler.doHandle(SessionHandler.java:231)
	at org.eclipse.jetty.server.handler.ContextHandler.doHandle(ContextHandler.java:1072)
	at org.eclipse.jetty.servlet.ServletHandler.doScope(ServletHandler.java:382)
	at org.eclipse.jetty.server.session.SessionHandler.doScope(SessionHandler.java:193)
	at org.eclipse.jetty.server.handler.ContextHandler.doScope(ContextHandler.java:1006)
	at org.eclipse.jetty.server.handler.ScopedHandler.handle(ScopedHandler.java:135)
	at org.eclipse.jetty.server.handler.HandlerWrapper.handle(HandlerWrapper.java:116)
	at org.eclipse.jetty.server.Server.handle(Server.java:365)
	at org.eclipse.jetty.server.AbstractHttpConnection.handleRequest(AbstractHttpConnection.java:485)
	at org.eclipse.jetty.server.AbstractHttpConnection.content(AbstractHttpConnection.java:937)
	at org.eclipse.jetty.server.AbstractHttpConnection$RequestHandler.content(AbstractHttpConnection.java:998)
	at org.eclipse.jetty.http.HttpParser.parseNext(HttpParser.java:856)
	at org.eclipse.jetty.http.HttpParser.parseAvailable(HttpParser.java:240)
	at org.eclipse.jetty.server.AsyncHttpConnection.handle(AsyncHttpConnection.java:82)
	at org.eclipse.jetty.io.nio.SelectChannelEndPoint.handle(SelectChannelEndPoint.java:628)
	at org.eclipse.jetty.io.nio.SelectChannelEndPoint$1.run(SelectChannelEndPoint.java:52)
	at org.eclipse.jetty.util.thread.QueuedThreadPool.runJob(QueuedThreadPool.java:608)
	at org.eclipse.jetty.util.thread.QueuedThreadPool$3.run(QueuedThreadPool.java:543)
	at java.lang.Thread.run(Thread.java:745)
Caused by: java.sql.SQLException: com.mchange.v2.c3p0.ComboPooledDataSource [ java.beans.IntrospectionException: java.lang.reflect.InvocationTargetException [numThreadsAwaitingCheckoutDefaultUser] ] has been closed() -- you can no longer use it.
	at com.mchange.v2.c3p0.impl.AbstractPoolBackedDataSource.assertCpds(AbstractPoolBackedDataSource.java:447)
	at com.mchange.v2.c3p0.impl.AbstractPoolBackedDataSource.getPoolManager(AbstractPoolBackedDataSource.java:459)
	at com.mchange.v2.c3p0.impl.AbstractPoolBackedDataSource.getConnection(AbstractPoolBackedDataSource.java:128)
	at com.jfinal.plugin.activerecord.Config.getConnection(Config.java:185)
	at com.jfinal.plugin.activerecord.Model.find(Model.java:452)
	... 35 more

2015-02-03 00:11:59
[WARN]-[Thread: qtp1709366259-26]-[com.jfinal.core.ActionHandler.handle()]: 404 Action Not Found: /

2015-02-03 00:12:03
[WARN]-[Thread: qtp1709366259-27]-[com.jfinal.core.ActionHandler.handle()]: 404 Action Not Found: /user

2015-02-03 00:16:10
[ERROR]-[Thread: qtp1709366259-20]-[com.jfinal.core.ActionHandler.handle()]: /loginTo
com.jfinal.plugin.activerecord.ActiveRecordException: java.sql.SQLException: com.mchange.v2.c3p0.ComboPooledDataSource [ java.beans.IntrospectionException: java.lang.reflect.InvocationTargetException [numThreadsAwaitingCheckoutDefaultUser] ] has been closed() -- you can no longer use it.
	at com.jfinal.plugin.activerecord.Model.find(Model.java:455)
	at com.jfinal.plugin.activerecord.Model.findFirst(Model.java:484)
	at com.mindsports.service.impl.UserServiceImpl.isLogin(UserServiceImpl.java:14)
	at com.mindsports.controller.UserController.loginTo(UserController.java:22)
	at sun.reflect.NativeMethodAccessorImpl.invoke0(Native Method)
	at sun.reflect.NativeMethodAccessorImpl.invoke(NativeMethodAccessorImpl.java:62)
	at sun.reflect.DelegatingMethodAccessorImpl.invoke(DelegatingMethodAccessorImpl.java:43)
	at java.lang.reflect.Method.invoke(Method.java:483)
	at com.jfinal.core.ActionInvocation.invoke(ActionInvocation.java:55)
	at com.mindsports.controller.LoginInterceptor.intercept(LoginInterceptor.java:13)
	at com.jfinal.core.ActionInvocation.invoke(ActionInvocation.java:51)
	at com.jfinal.core.ActionHandler.handle(ActionHandler.java:73)
	at com.jfinal.core.JFinalFilter.doFilter(JFinalFilter.java:72)
	at org.eclipse.jetty.servlet.ServletHandler$CachedChain.doFilter(ServletHandler.java:1307)
	at org.eclipse.jetty.servlet.ServletHandler.doHandle(ServletHandler.java:453)
	at org.eclipse.jetty.server.handler.ScopedHandler.handle(ScopedHandler.java:137)
	at org.eclipse.jetty.security.SecurityHandler.handle(SecurityHandler.java:560)
	at org.eclipse.jetty.server.session.SessionHandler.doHandle(SessionHandler.java:231)
	at org.eclipse.jetty.server.handler.ContextHandler.doHandle(ContextHandler.java:1072)
	at org.eclipse.jetty.servlet.ServletHandler.doScope(ServletHandler.java:382)
	at org.eclipse.jetty.server.session.SessionHandler.doScope(SessionHandler.java:193)
	at org.eclipse.jetty.server.handler.ContextHandler.doScope(ContextHandler.java:1006)
	at org.eclipse.jetty.server.handler.ScopedHandler.handle(ScopedHandler.java:135)
	at org.eclipse.jetty.server.handler.HandlerWrapper.handle(HandlerWrapper.java:116)
	at org.eclipse.jetty.server.Server.handle(Server.java:365)
	at org.eclipse.jetty.server.AbstractHttpConnection.handleRequest(AbstractHttpConnection.java:485)
	at org.eclipse.jetty.server.AbstractHttpConnection.content(AbstractHttpConnection.java:937)
	at org.eclipse.jetty.server.AbstractHttpConnection$RequestHandler.content(AbstractHttpConnection.java:998)
	at org.eclipse.jetty.http.HttpParser.parseNext(HttpParser.java:856)
	at org.eclipse.jetty.http.HttpParser.parseAvailable(HttpParser.java:240)
	at org.eclipse.jetty.server.AsyncHttpConnection.handle(AsyncHttpConnection.java:82)
	at org.eclipse.jetty.io.nio.SelectChannelEndPoint.handle(SelectChannelEndPoint.java:628)
	at org.eclipse.jetty.io.nio.SelectChannelEndPoint$1.run(SelectChannelEndPoint.java:52)
	at org.eclipse.jetty.util.thread.QueuedThreadPool.runJob(QueuedThreadPool.java:608)
	at org.eclipse.jetty.util.thread.QueuedThreadPool$3.run(QueuedThreadPool.java:543)
	at java.lang.Thread.run(Thread.java:745)
Caused by: java.sql.SQLException: com.mchange.v2.c3p0.ComboPooledDataSource [ java.beans.IntrospectionException: java.lang.reflect.InvocationTargetException [numThreadsAwaitingCheckoutDefaultUser] ] has been closed() -- you can no longer use it.
	at com.mchange.v2.c3p0.impl.AbstractPoolBackedDataSource.assertCpds(AbstractPoolBackedDataSource.java:447)
	at com.mchange.v2.c3p0.impl.AbstractPoolBackedDataSource.getPoolManager(AbstractPoolBackedDataSource.java:459)
	at com.mchange.v2.c3p0.impl.AbstractPoolBackedDataSource.getConnection(AbstractPoolBackedDataSource.java:128)
	at com.jfinal.plugin.activerecord.Config.getConnection(Config.java:185)
	at com.jfinal.plugin.activerecord.Model.find(Model.java:452)
	... 35 more

2015-02-03 00:17:48
[ERROR]-[Thread: qtp1709366259-20]-[com.jfinal.core.ActionHandler.handle()]: /loginTo
com.jfinal.plugin.activerecord.ActiveRecordException: java.sql.SQLException: com.mchange.v2.c3p0.ComboPooledDataSource [ java.beans.IntrospectionException: java.lang.reflect.InvocationTargetException [numThreadsAwaitingCheckoutDefaultUser] ] has been closed() -- you can no longer use it.
	at com.jfinal.plugin.activerecord.Model.find(Model.java:455)
	at com.jfinal.plugin.activerecord.Model.findFirst(Model.java:484)
	at com.mindsports.service.impl.UserServiceImpl.isLogin(UserServiceImpl.java:14)
	at com.mindsports.controller.UserController.loginTo(UserController.java:22)
	at sun.reflect.NativeMethodAccessorImpl.invoke0(Native Method)
	at sun.reflect.NativeMethodAccessorImpl.invoke(NativeMethodAccessorImpl.java:62)
	at sun.reflect.DelegatingMethodAccessorImpl.invoke(DelegatingMethodAccessorImpl.java:43)
	at java.lang.reflect.Method.invoke(Method.java:483)
	at com.jfinal.core.ActionInvocation.invoke(ActionInvocation.java:55)
	at com.mindsports.controller.LoginInterceptor.intercept(LoginInterceptor.java:13)
	at com.jfinal.core.ActionInvocation.invoke(ActionInvocation.java:51)
	at com.jfinal.core.ActionHandler.handle(ActionHandler.java:73)
	at com.jfinal.core.JFinalFilter.doFilter(JFinalFilter.java:72)
	at org.eclipse.jetty.servlet.ServletHandler$CachedChain.doFilter(ServletHandler.java:1307)
	at org.eclipse.jetty.servlet.ServletHandler.doHandle(ServletHandler.java:453)
	at org.eclipse.jetty.server.handler.ScopedHandler.handle(ScopedHandler.java:137)
	at org.eclipse.jetty.security.SecurityHandler.handle(SecurityHandler.java:560)
	at org.eclipse.jetty.server.session.SessionHandler.doHandle(SessionHandler.java:231)
	at org.eclipse.jetty.server.handler.ContextHandler.doHandle(ContextHandler.java:1072)
	at org.eclipse.jetty.servlet.ServletHandler.doScope(ServletHandler.java:382)
	at org.eclipse.jetty.server.session.SessionHandler.doScope(SessionHandler.java:193)
	at org.eclipse.jetty.server.handler.ContextHandler.doScope(ContextHandler.java:1006)
	at org.eclipse.jetty.server.handler.ScopedHandler.handle(ScopedHandler.java:135)
	at org.eclipse.jetty.server.handler.HandlerWrapper.handle(HandlerWrapper.java:116)
	at org.eclipse.jetty.server.Server.handle(Server.java:365)
	at org.eclipse.jetty.server.AbstractHttpConnection.handleRequest(AbstractHttpConnection.java:485)
	at org.eclipse.jetty.server.AbstractHttpConnection.content(AbstractHttpConnection.java:937)
	at org.eclipse.jetty.server.AbstractHttpConnection$RequestHandler.content(AbstractHttpConnection.java:998)
	at org.eclipse.jetty.http.HttpParser.parseNext(HttpParser.java:856)
	at org.eclipse.jetty.http.HttpParser.parseAvailable(HttpParser.java:240)
	at org.eclipse.jetty.server.AsyncHttpConnection.handle(AsyncHttpConnection.java:82)
	at org.eclipse.jetty.io.nio.SelectChannelEndPoint.handle(SelectChannelEndPoint.java:628)
	at org.eclipse.jetty.io.nio.SelectChannelEndPoint$1.run(SelectChannelEndPoint.java:52)
	at org.eclipse.jetty.util.thread.QueuedThreadPool.runJob(QueuedThreadPool.java:608)
	at org.eclipse.jetty.util.thread.QueuedThreadPool$3.run(QueuedThreadPool.java:543)
	at java.lang.Thread.run(Thread.java:745)
Caused by: java.sql.SQLException: com.mchange.v2.c3p0.ComboPooledDataSource [ java.beans.IntrospectionException: java.lang.reflect.InvocationTargetException [numThreadsAwaitingCheckoutDefaultUser] ] has been closed() -- you can no longer use it.
	at com.mchange.v2.c3p0.impl.AbstractPoolBackedDataSource.assertCpds(AbstractPoolBackedDataSource.java:447)
	at com.mchange.v2.c3p0.impl.AbstractPoolBackedDataSource.getPoolManager(AbstractPoolBackedDataSource.java:459)
	at com.mchange.v2.c3p0.impl.AbstractPoolBackedDataSource.getConnection(AbstractPoolBackedDataSource.java:128)
	at com.jfinal.plugin.activerecord.Config.getConnection(Config.java:185)
	at com.jfinal.plugin.activerecord.Model.find(Model.java:452)
	... 35 more

2015-02-03 00:21:25
[WARN]-[Thread: qtp1709366259-27]-[com.jfinal.core.ActionHandler.handle()]: 404 Action Not Found: /

2015-02-03 00:33:45
[ERROR]-[Thread: qtp1709366259-27]-[com.jfinal.core.ActionHandler.handle()]: /i/login
com.jfinal.render.RenderException: org.apache.jasper.JasperException: java.io.FileNotFoundException: C:\Users\Administrator\AppData\Local\Temp\jetty-0.0.0.0-80-WebRoot-_-any-\jsp\org\apache\jsp\login_jsp.java (系统找不到指定的路径。)
	at com.jfinal.render.JspRender.render(JspRender.java:69)
	at com.jfinal.core.ActionHandler.handle(ActionHandler.java:92)
	at com.jfinal.core.JFinalFilter.doFilter(JFinalFilter.java:72)
	at org.eclipse.jetty.servlet.ServletHandler$CachedChain.doFilter(ServletHandler.java:1307)
	at org.eclipse.jetty.servlet.ServletHandler.doHandle(ServletHandler.java:453)
	at org.eclipse.jetty.server.handler.ScopedHandler.handle(ScopedHandler.java:137)
	at org.eclipse.jetty.security.SecurityHandler.handle(SecurityHandler.java:560)
	at org.eclipse.jetty.server.session.SessionHandler.doHandle(SessionHandler.java:231)
	at org.eclipse.jetty.server.handler.ContextHandler.doHandle(ContextHandler.java:1072)
	at org.eclipse.jetty.servlet.ServletHandler.doScope(ServletHandler.java:382)
	at org.eclipse.jetty.server.session.SessionHandler.doScope(SessionHandler.java:193)
	at org.eclipse.jetty.server.handler.ContextHandler.doScope(ContextHandler.java:1006)
	at org.eclipse.jetty.server.handler.ScopedHandler.handle(ScopedHandler.java:135)
	at org.eclipse.jetty.server.handler.HandlerWrapper.handle(HandlerWrapper.java:116)
	at org.eclipse.jetty.server.Server.handle(Server.java:365)
	at org.eclipse.jetty.server.AbstractHttpConnection.handleRequest(AbstractHttpConnection.java:485)
	at org.eclipse.jetty.server.AbstractHttpConnection.headerComplete(AbstractHttpConnection.java:926)
	at org.eclipse.jetty.server.AbstractHttpConnection$RequestHandler.headerComplete(AbstractHttpConnection.java:988)
	at org.eclipse.jetty.http.HttpParser.parseNext(HttpParser.java:635)
	at org.eclipse.jetty.http.HttpParser.parseAvailable(HttpParser.java:235)
	at org.eclipse.jetty.server.AsyncHttpConnection.handle(AsyncHttpConnection.java:82)
	at org.eclipse.jetty.io.nio.SelectChannelEndPoint.handle(SelectChannelEndPoint.java:628)
	at org.eclipse.jetty.io.nio.SelectChannelEndPoint$1.run(SelectChannelEndPoint.java:52)
	at org.eclipse.jetty.util.thread.QueuedThreadPool.runJob(QueuedThreadPool.java:608)
	at org.eclipse.jetty.util.thread.QueuedThreadPool$3.run(QueuedThreadPool.java:543)
	at java.lang.Thread.run(Thread.java:745)
Caused by: org.apache.jasper.JasperException: java.io.FileNotFoundException: C:\Users\Administrator\AppData\Local\Temp\jetty-0.0.0.0-80-WebRoot-_-any-\jsp\org\apache\jsp\login_jsp.java (系统找不到指定的路径。)
	at org.apache.jasper.compiler.Jsr199JavaCompiler.doJavaFile(Jsr199JavaCompiler.java:176)
	at org.apache.jasper.compiler.Compiler.generateClass(Compiler.java:402)
	at org.apache.jasper.compiler.Compiler.compile(Compiler.java:453)
	at org.apache.jasper.JspCompilationContext.compile(JspCompilationContext.java:625)
	at org.apache.jasper.servlet.JspServletWrapper.service(JspServletWrapper.java:374)
	at org.apache.jasper.servlet.JspServlet.serviceJspFile(JspServlet.java:492)
	at org.apache.jasper.servlet.JspServlet.service(JspServlet.java:378)
	at javax.servlet.http.HttpServlet.service(HttpServlet.java:848)
	at org.eclipse.jetty.servlet.ServletHolder.handle(ServletHolder.java:669)
	at org.eclipse.jetty.servlet.ServletHandler.doHandle(ServletHandler.java:455)
	at org.eclipse.jetty.server.handler.ScopedHandler.handle(ScopedHandler.java:137)
	at org.eclipse.jetty.security.SecurityHandler.handle(SecurityHandler.java:578)
	at org.eclipse.jetty.server.session.SessionHandler.doHandle(SessionHandler.java:231)
	at org.eclipse.jetty.server.handler.ContextHandler.doHandle(ContextHandler.java:1072)
	at org.eclipse.jetty.servlet.ServletHandler.doScope(ServletHandler.java:382)
	at org.eclipse.jetty.server.session.SessionHandler.doScope(SessionHandler.java:193)
	at org.eclipse.jetty.server.handler.ContextHandler.doScope(ContextHandler.java:1006)
	at org.eclipse.jetty.server.handler.ScopedHandler.handle(ScopedHandler.java:135)
	at org.eclipse.jetty.server.Dispatcher.forward(Dispatcher.java:276)
	at org.eclipse.jetty.server.Dispatcher.forward(Dispatcher.java:103)
	at com.jfinal.render.JspRender.render(JspRender.java:67)
	... 25 more
Caused by: java.io.FileNotFoundException: C:\Users\Administrator\AppData\Local\Temp\jetty-0.0.0.0-80-WebRoot-_-any-\jsp\org\apache\jsp\login_jsp.java (系统找不到指定的路径。)
	at java.io.FileOutputStream.open(Native Method)
	at java.io.FileOutputStream.<init>(FileOutputStream.java:213)
	at java.io.FileOutputStream.<init>(FileOutputStream.java:101)
	at org.apache.jasper.compiler.Jsr199JavaCompiler.doJavaFile(Jsr199JavaCompiler.java:166)
	... 45 more
